<?xml version="1.0" encoding="UTF-8"?>
<!-- Generated by org.testng.reporters.JUnitReportReporter -->
<testsuite hostname="DESKTOP-3G0BE48" failures="0" tests="1" name="tests.HoverMenuTest" time="4.637" errors="0" timestamp="2021-10-05T16:33:12 EET" skipped="0">
  <testcase classname="tests.HoverMenuTest" name="UserCanSubCategoryFromMainMenu" time="4.637"/>
  <system-out/>
</testsuite> <!-- tests.HoverMenuTest -->
