<?xml version="1.0" encoding="UTF-8"?>
<!-- Generated by org.testng.reporters.JUnitReportReporter -->
<testsuite hostname="DESKTOP-3G0BE48" failures="0" tests="3" name="tests.AddProductToShoppingCartTest" time="188.425" errors="0" timestamp="2021-10-07T11:45:55 EET" skipped="0">
  <testcase classname="tests.AddProductToShoppingCartTest" name="userCanSearchWithAutoSuggest" time="80.672"/>
  <system-out/>
  <testcase classname="tests.AddProductToShoppingCartTest" name="UserCanAddProductToCart" time="53.476"/>
  <system-out/>
  <testcase classname="tests.AddProductToShoppingCartTest" name="UserCanRemoveProductFromCart" time="54.277"/>
  <system-out/>
</testsuite> <!-- tests.AddProductToShoppingCartTest -->
