<?xml version="1.0" encoding="UTF-8"?>
<!-- Generated by org.testng.reporters.JUnitReportReporter -->
<testsuite hostname="DESKTOP-3G0BE48" failures="0" tests="3" name="tests.UserRegisterationWithJavaFaker" time="13.746" errors="0" timestamp="2021-10-08T17:13:17 EET" skipped="0">
  <testcase classname="tests.UserRegisterationWithJavaFaker" name="RegisteredUserCanLogout" time="2.046"/>
  <system-out/>
  <testcase classname="tests.UserRegisterationWithJavaFaker" name="RegisteredUserCanLogin" time="3.053"/>
  <system-out/>
  <testcase classname="tests.UserRegisterationWithJavaFaker" name="UserCanRegisterSuccssfully" time="8.647"/>
  <system-out/>
</testsuite> <!-- tests.UserRegisterationWithJavaFaker -->
