<?xml version="1.0" encoding="UTF-8"?>
<!-- Generated by org.testng.reporters.JUnitReportReporter -->
<testsuite hostname="DESKTOP-3G0BE48" failures="0" tests="1" name="tests.ContactUsTest" time="5.702" errors="0" timestamp="2021-10-05T13:43:38 EET" skipped="0">
  <testcase classname="tests.ContactUsTest" name="UserCanUseContactUs" time="5.702"/>
  <system-out/>
</testsuite> <!-- tests.ContactUsTest -->
