<?xml version="1.0" encoding="UTF-8"?>
<!-- Generated by org.testng.reporters.JUnitReportReporter -->
<testsuite hostname="DESKTOP-3G0BE48" failures="0" tests="2" name="tests.ChangeCurrancyTest" time="48.345" errors="0" timestamp="2021-10-05T15:11:57 EET" skipped="0">
  <testcase classname="tests.ChangeCurrancyTest" name="UserCanChangeCurrancy" time="7.439"/>
  <system-out/>
  <testcase classname="tests.ChangeCurrancyTest" name="userCanSearchWithAutoSuggest" time="40.906"/>
  <system-out/>
</testsuite> <!-- tests.ChangeCurrancyTest -->
