<?xml version="1.0" encoding="UTF-8"?>
<!-- Generated by org.testng.reporters.JUnitReportReporter -->
<testsuite hostname="DESKTOP-3G0BE48" failures="0" tests="3" name="tests.UserRegisterationWithpropertiesFile" time="19.642" errors="0" timestamp="2021-10-08T10:06:02 EET" skipped="0">
  <testcase classname="tests.UserRegisterationWithpropertiesFile" name="RegisteredUserCanLogin" time="5.198"/>
  <system-out/>
  <testcase classname="tests.UserRegisterationWithpropertiesFile" name="RegisteredUserCanLogout" time="3.044"/>
  <system-out/>
  <testcase classname="tests.UserRegisterationWithpropertiesFile" name="UserCanRegisterSuccssfully" time="11.400"/>
  <system-out/>
</testsuite> <!-- tests.UserRegisterationWithpropertiesFile -->
