<?xml version="1.0" encoding="UTF-8"?>
<!-- Generated by org.testng.reporters.JUnitReportReporter -->
<testsuite hostname="DESKTOP-3G0BE48" failures="0" tests="4" name="tests.EmailFriendTest" time="21.942" errors="0" timestamp="2021-10-05T14:59:48 EET" skipped="0">
  <testcase classname="tests.EmailFriendTest" name="UserCanRegisterSuccssfully" time="6.655"/>
  <system-out/>
  <testcase classname="tests.EmailFriendTest" name="userCanSearchWithAutoSuggest" time="11.474"/>
  <system-out/>
  <testcase classname="tests.EmailFriendTest" name="RegisterdUserCanSendProductToFriend" time="1.773"/>
  <system-out/>
  <testcase classname="tests.EmailFriendTest" name="RegisteredUserCanLogout" time="2.040"/>
  <system-out/>
</testsuite> <!-- tests.EmailFriendTest -->
