<?xml version="1.0" encoding="UTF-8"?>
<!-- Generated by org.testng.reporters.JUnitReportReporter -->
<testsuite hostname="DESKTOP-3G0BE48" failures="0" tests="2" name="tests.AddProrductToCompareTest" time="65.991" errors="0" timestamp="2021-10-06T08:50:55 EET" skipped="0">
  <testcase classname="tests.AddProrductToCompareTest" name="UserCanCompareProducts" time="63.303"/>
  <system-out/>
  <testcase classname="tests.AddProrductToCompareTest" name="UserCanClearCompareList" time="2.688"/>
  <system-out/>
</testsuite> <!-- tests.AddProrductToCompareTest -->
