<?xml version="1.0" encoding="UTF-8"?>
<!-- Generated by org.testng.reporters.JUnitReportReporter -->
<testsuite hostname="DESKTOP-3G0BE48" failures="0" tests="2" name="tests.UserRegisterationWithDDTAndDataProvider" time="23.689" errors="0" timestamp="2021-10-08T09:00:32 EET" skipped="0">
  <testcase classname="tests.UserRegisterationWithDDTAndDataProvider" name="UserCanRegisterSuccssfully" time="14.453"/>
  <system-out/>
  <testcase classname="tests.UserRegisterationWithDDTAndDataProvider" name="UserCanRegisterSuccssfully" time="9.236"/>
  <system-out/>
</testsuite> <!-- tests.UserRegisterationWithDDTAndDataProvider -->
