<?xml version="1.0" encoding="UTF-8"?>
<!-- Generated by org.testng.reporters.JUnitReportReporter -->
<testsuite hostname="DESKTOP-3G0BE48" failures="0" tests="4" name="tests.AddProductReviewTest" time="39.949" errors="0" timestamp="2021-10-05T15:58:27 EET" skipped="0">
  <testcase classname="tests.AddProductReviewTest" name="UserCanRegisterSuccssfully" time="13.294"/>
  <system-out/>
  <testcase classname="tests.AddProductReviewTest" name="userCanSearchWithAutoSuggest" time="19.798"/>
  <system-out/>
  <testcase classname="tests.AddProductReviewTest" name="RegisterUserCanReviewProduct" time="3.070"/>
  <system-out/>
  <testcase classname="tests.AddProductReviewTest" name="RegisteredUserCanLogout" time="3.787"/>
  <system-out/>
</testsuite> <!-- tests.AddProductReviewTest -->
