<?xml version="1.0" encoding="UTF-8"?>
<!-- Generated by org.testng.reporters.JUnitReportReporter -->
<testsuite hostname="DESKTOP-3G0BE48" failures="0" tests="1" name="tests.SearchProductTest" time="13.786" errors="0" timestamp="2021-10-04T13:02:37 EET" skipped="0">
  <testcase classname="tests.SearchProductTest" name="UserCanSearchForProducts" time="13.786"/>
  <system-out/>
</testsuite> <!-- tests.SearchProductTest -->
