<?xml version="1.0" encoding="UTF-8"?>
<!-- Generated by org.testng.reporters.JUnitReportReporter -->
<testsuite hostname="DESKTOP-3G0BE48" failures="0" tests="1" name="tests.UserRegisterationWithDDTAndCSV" time="58.703" errors="0" timestamp="2021-10-08T14:48:25 EET" skipped="0">
  <testcase classname="tests.UserRegisterationWithDDTAndCSV" name="UserCanRegisterSuccssfully" time="58.703"/>
  <system-out/>
</testsuite> <!-- tests.UserRegisterationWithDDTAndCSV -->
