<?xml version="1.0" encoding="UTF-8"?>
<!-- Generated by org.testng.reporters.JUnitReportReporter -->
<testsuite hostname="DESKTOP-3G0BE48" failures="0" tests="1" name="tests.UserRegisterationWithDDTAndJASONFile" time="27.743" errors="0" timestamp="2021-10-08T18:57:38 EET" skipped="0">
  <testcase classname="tests.UserRegisterationWithDDTAndJASONFile" name="UserCanRegisterSuccssfully" time="27.743"/>
  <system-out/>
</testsuite> <!-- tests.UserRegisterationWithDDTAndJASONFile -->
