<?xml version="1.0" encoding="UTF-8"?>
<!-- Generated by org.testng.reporters.JUnitReportReporter -->
<testsuite hostname="DESKTOP-3G0BE48" failures="0" tests="1" name="tests.SearchProductUseingAutoSuggestTest" time="23.661" errors="0" timestamp="2021-10-04T14:22:24 EET" skipped="0">
  <testcase classname="tests.SearchProductUseingAutoSuggestTest" name="userCanSearchWithAutoSuggest" time="23.661"/>
  <system-out/>
</testsuite> <!-- tests.SearchProductUseingAutoSuggestTest -->
